2021-09-09 23:56:16,821 :INFO : test_validate_data :Entering login details and click submit button
2021-09-09 23:56:19,155 :INFO : test_validate_data :Get the name of content and validate whether it is equal to 'Dashboard'
2021-09-09 23:56:19,155 :INFO : test_validate_data :Dashboard tab is selected as expected
2021-09-09 23:56:19,156 :INFO : test_validate_data :Select 'Recruitment' tab
2021-09-09 23:56:20,297 :INFO : test_validate_data :Select 'Candidates' sub tab
2021-09-09 23:56:20,862 :INFO : test_validate_data :Get all the values from table and store it in dataframe
2021-09-10 00:05:11,096 :INFO : test_validate_data :Entering login details and click submit button
2021-09-10 00:05:13,891 :INFO : test_validate_data :Get the name of content and validate whether it is equal to 'Dashboard'
2021-09-10 00:05:13,891 :INFO : test_validate_data :Dashboard tab is selected as expected
2021-09-10 00:05:13,891 :INFO : test_validate_data :Select 'Recruitment' tab
2021-09-10 00:05:14,752 :INFO : test_validate_data :Select 'Candidates' sub tab
2021-09-10 00:05:15,136 :INFO : test_validate_data :Get all the values from table and store it in dataframe
2021-09-10 00:08:10,567 :INFO : test_validate_data :Entering login details and click submit button
2021-09-10 00:08:13,071 :INFO : test_validate_data :Get the name of content and validate whether it is equal to 'Dashboard'
2021-09-10 00:08:13,071 :INFO : test_validate_data :Dashboard tab is selected as expected
2021-09-10 00:08:13,072 :INFO : test_validate_data :Select 'Recruitment' tab
2021-09-10 00:08:14,104 :INFO : test_validate_data :Select 'Candidates' sub tab
2021-09-10 00:08:14,492 :INFO : test_validate_data :Get all the values from table and store it in dataframe
2021-09-10 00:27:06,428 :INFO : test_validate_data :Entering login details and click submit button
2021-09-10 00:27:08,852 :INFO : test_validate_data :Get the name of content and validate whether it is equal to 'Dashboard'
2021-09-10 00:27:08,852 :INFO : test_validate_data :Dashboard tab is selected as expected
2021-09-10 00:27:08,852 :INFO : test_validate_data :Select 'Recruitment' tab
2021-09-10 00:27:09,804 :INFO : test_validate_data :Select 'Candidates' sub tab
2021-09-10 00:27:10,374 :INFO : test_validate_data :Get all the values from table and store it in dataframe
2021-09-10 00:31:23,113 :INFO : test_validate_data :Entering login details and click submit button
2021-09-10 00:31:25,325 :INFO : test_validate_data :Get the name of content and validate whether it is equal to 'Dashboard'
2021-09-10 00:31:25,325 :INFO : test_validate_data :Dashboard tab is selected as expected
2021-09-10 00:31:25,325 :INFO : test_validate_data :Select 'Recruitment' tab
2021-09-10 00:31:26,164 :INFO : test_validate_data :Select 'Candidates' sub tab
2021-09-10 00:31:26,579 :INFO : test_validate_data :Get all the values from table and store it in dataframe
2021-09-10 00:33:26,493 :INFO : test_validate_data :Entering login details and click submit button
2021-09-10 00:33:28,747 :INFO : test_validate_data :Get the name of content and validate whether it is equal to 'Dashboard'
2021-09-10 00:33:28,747 :INFO : test_validate_data :Dashboard tab is selected as expected
2021-09-10 00:33:28,747 :INFO : test_validate_data :Select 'Recruitment' tab
2021-09-10 00:33:29,643 :INFO : test_validate_data :Select 'Candidates' sub tab
2021-09-10 00:33:30,040 :INFO : test_validate_data :Get all the values from table and store it in dataframe
2021-09-10 00:38:34,873 :INFO : test_validate_data :Entering login details and click submit button
2021-09-10 00:38:37,212 :INFO : test_validate_data :Get the name of content and validate whether it is equal to 'Dashboard'
2021-09-10 00:38:37,212 :INFO : test_validate_data :Dashboard tab is selected as expected
2021-09-10 00:38:37,212 :INFO : test_validate_data :Select 'Recruitment' tab
2021-09-10 00:38:38,285 :INFO : test_validate_data :Select 'Candidates' sub tab
2021-09-10 00:38:38,689 :INFO : test_validate_data :Get all the values from table and store it in dataframe
2021-09-10 00:40:24,868 :INFO : test_validate_data :Entering login details and click submit button
2021-09-10 00:40:27,210 :INFO : test_validate_data :Get the name of content and validate whether it is equal to 'Dashboard'
2021-09-10 00:40:27,210 :INFO : test_validate_data :Dashboard tab is selected as expected
2021-09-10 00:40:27,210 :INFO : test_validate_data :Select 'Recruitment' tab
2021-09-10 00:40:28,127 :INFO : test_validate_data :Select 'Candidates' sub tab
2021-09-10 00:40:28,511 :INFO : test_validate_data :Get all the values from table and store it in dataframe
2021-09-10 00:48:41,751 :INFO : test_validate_data :Entering login details and click submit button
2021-09-10 00:48:44,023 :INFO : test_validate_data :Get the name of content and validate whether it is equal to 'Dashboard'
2021-09-10 00:48:44,023 :INFO : test_validate_data :Dashboard tab is selected as expected
2021-09-10 00:48:44,023 :INFO : test_validate_data :Select 'Recruitment' tab
2021-09-10 00:48:44,844 :INFO : test_validate_data :Select 'Candidates' sub tab
2021-09-10 00:48:45,224 :INFO : test_validate_data :Get all the values from table and store it in dataframe
2021-09-10 00:51:48,383 :INFO : test_validate_data :Entering login details and click submit button
2021-09-10 00:51:50,741 :INFO : test_validate_data :Get the name of content and validate whether it is equal to 'Dashboard'
2021-09-10 00:51:50,741 :INFO : test_validate_data :Dashboard tab is selected as expected
2021-09-10 00:51:50,741 :INFO : test_validate_data :Select 'Recruitment' tab
2021-09-10 00:51:51,583 :INFO : test_validate_data :Select 'Candidates' sub tab
2021-09-10 00:51:51,960 :INFO : test_validate_data :Get all the values from table and store it in dataframe
2021-09-10 00:57:44,056 :INFO : test_validate_data :Entering login details and click submit button
2021-09-10 00:57:46,182 :INFO : test_validate_data :Get the name of content and validate whether it is equal to 'Dashboard'
2021-09-10 00:57:46,183 :INFO : test_validate_data :Dashboard tab is selected as expected
2021-09-10 00:57:46,183 :INFO : test_validate_data :Select 'Recruitment' tab
2021-09-10 00:57:46,974 :INFO : test_validate_data :Select 'Candidates' sub tab
2021-09-10 00:57:47,359 :INFO : test_validate_data :Get all the values from table and store it in dataframe
2021-09-10 00:58:52,087 :INFO : test_validate_data :Entering login details and click submit button
2021-09-10 00:58:54,392 :INFO : test_validate_data :Get the name of content and validate whether it is equal to 'Dashboard'
2021-09-10 00:58:54,392 :INFO : test_validate_data :Dashboard tab is selected as expected
2021-09-10 00:58:54,392 :INFO : test_validate_data :Select 'Recruitment' tab
2021-09-10 00:58:55,207 :INFO : test_validate_data :Select 'Candidates' sub tab
2021-09-10 00:58:55,578 :INFO : test_validate_data :Get all the values from table and store it in dataframe
2021-09-10 01:00:27,630 :INFO : test_validate_data :Entering login details and click submit button
2021-09-10 01:00:29,823 :INFO : test_validate_data :Get the name of content and validate whether it is equal to 'Dashboard'
2021-09-10 01:00:29,823 :INFO : test_validate_data :Dashboard tab is selected as expected
2021-09-10 01:00:29,823 :INFO : test_validate_data :Select 'Recruitment' tab
2021-09-10 01:00:30,668 :INFO : test_validate_data :Select 'Candidates' sub tab
2021-09-10 01:00:31,063 :INFO : test_validate_data :Get all the values from table and store it in dataframe
2021-09-10 01:01:50,795 :INFO : test_validate_data :Entering login details and click submit button
2021-09-10 01:01:52,956 :INFO : test_validate_data :Get the name of content and validate whether it is equal to 'Dashboard'
2021-09-10 01:01:52,957 :INFO : test_validate_data :Dashboard tab is selected as expected
2021-09-10 01:01:52,957 :INFO : test_validate_data :Select 'Recruitment' tab
2021-09-10 01:01:53,786 :INFO : test_validate_data :Select 'Candidates' sub tab
2021-09-10 01:01:54,185 :INFO : test_validate_data :Get all the values from table and store it in dataframe
2021-09-10 01:04:36,676 :INFO : test_validate_data :Entering login details and click submit button
2021-09-10 01:04:38,921 :INFO : test_validate_data :Get the name of content and validate whether it is equal to 'Dashboard'
2021-09-10 01:04:38,922 :INFO : test_validate_data :Dashboard tab is selected as expected
2021-09-10 01:04:38,923 :INFO : test_validate_data :Select 'Recruitment' tab
2021-09-10 01:04:39,838 :INFO : test_validate_data :Select 'Candidates' sub tab
2021-09-10 01:04:40,257 :INFO : test_validate_data :Get all the values from table and store it in dataframe
2021-09-10 01:05:13,186 :INFO : test_validate_data :Entering login details and click submit button
2021-09-10 01:05:15,482 :INFO : test_validate_data :Get the name of content and validate whether it is equal to 'Dashboard'
2021-09-10 01:05:15,483 :INFO : test_validate_data :Dashboard tab is selected as expected
2021-09-10 01:05:15,483 :INFO : test_validate_data :Select 'Recruitment' tab
2021-09-10 01:05:16,306 :INFO : test_validate_data :Select 'Candidates' sub tab
2021-09-10 01:05:16,687 :INFO : test_validate_data :Get all the values from table and store it in dataframe
2021-09-10 01:10:07,418 :INFO : test_validate_data :Entering login details and click submit button
2021-09-10 01:10:09,819 :INFO : test_validate_data :Get the name of content and validate whether it is equal to 'Dashboard'
2021-09-10 01:10:09,819 :INFO : test_validate_data :Dashboard tab is selected as expected
2021-09-10 01:10:09,819 :INFO : test_validate_data :Select 'Recruitment' tab
2021-09-10 01:10:10,722 :INFO : test_validate_data :Select 'Candidates' sub tab
2021-09-10 01:10:11,134 :INFO : test_validate_data :Get all the values from table and store it in dataframe
2021-09-10 01:11:15,641 :INFO : test_validate_data :Entering login details and click submit button
2021-09-10 01:11:18,406 :INFO : test_validate_data :Get the name of content and validate whether it is equal to 'Dashboard'
2021-09-10 01:11:18,407 :INFO : test_validate_data :Dashboard tab is selected as expected
2021-09-10 01:11:18,407 :INFO : test_validate_data :Select 'Recruitment' tab
2021-09-10 01:11:19,268 :INFO : test_validate_data :Select 'Candidates' sub tab
2021-09-10 01:11:19,649 :INFO : test_validate_data :Get all the values from table and store it in dataframe
2021-09-10 01:16:08,619 :INFO : test_validate_data :Entering login details and click submit button
2021-09-10 01:16:10,720 :INFO : test_validate_data :Get the name of content and validate whether it is equal to 'Dashboard'
2021-09-10 01:16:10,720 :INFO : test_validate_data :Dashboard tab is selected as expected
2021-09-10 01:16:10,720 :INFO : test_validate_data :Select 'Recruitment' tab
2021-09-10 01:16:11,550 :INFO : test_validate_data :Select 'Candidates' sub tab
2021-09-10 01:16:11,965 :INFO : test_validate_data :Get all the values from table and store it in dataframe
2021-09-10 01:18:08,813 :INFO : test_validate_data :Entering login details and click submit button
2021-09-10 01:18:11,147 :INFO : test_validate_data :Get the name of content and validate whether it is equal to 'Dashboard'
2021-09-10 01:18:11,147 :INFO : test_validate_data :Dashboard tab is selected as expected
2021-09-10 01:18:11,147 :INFO : test_validate_data :Select 'Recruitment' tab
2021-09-10 01:18:12,099 :INFO : test_validate_data :Select 'Candidates' sub tab
2021-09-10 01:18:12,497 :INFO : test_validate_data :Get all the values from table and store it in dataframe
2021-09-10 01:18:49,982 :INFO : test_validate_data :Entering login details and click submit button
2021-09-10 01:18:52,359 :INFO : test_validate_data :Get the name of content and validate whether it is equal to 'Dashboard'
2021-09-10 01:18:52,360 :INFO : test_validate_data :Dashboard tab is selected as expected
2021-09-10 01:18:52,360 :INFO : test_validate_data :Select 'Recruitment' tab
2021-09-10 01:18:53,281 :INFO : test_validate_data :Select 'Candidates' sub tab
2021-09-10 01:18:53,702 :INFO : test_validate_data :Get all the values from table and store it in dataframe
2021-09-10 01:20:02,189 :INFO : test_validate_data :Entering login details and click submit button
2021-09-10 01:20:03,899 :INFO : test_validate_data :Get the name of content and validate whether it is equal to 'Dashboard'
2021-09-10 01:20:03,900 :INFO : test_validate_data :Dashboard tab is selected as expected
2021-09-10 01:20:03,900 :INFO : test_validate_data :Select 'Recruitment' tab
2021-09-10 01:20:05,459 :INFO : test_validate_data :Select 'Candidates' sub tab
2021-09-10 01:20:05,847 :INFO : test_validate_data :Get all the values from table and store it in dataframe
2021-09-10 01:27:59,641 :INFO : test_validate_data :Entering login details and click submit button
2021-09-10 01:28:01,980 :INFO : test_validate_data :Get the name of content and validate whether it is equal to 'Dashboard'
2021-09-10 01:28:01,983 :INFO : test_validate_data :Dashboard tab is selected as expected
2021-09-10 01:28:01,983 :INFO : test_validate_data :Select 'Recruitment' tab
2021-09-10 01:28:02,837 :INFO : test_validate_data :Select 'Candidates' sub tab
2021-09-10 01:28:03,249 :INFO : test_validate_data :Get all the values from table and store it in dataframe
2021-09-10 01:28:34,097 :INFO : test_validate_data :Entering login details and click submit button
2021-09-10 01:28:37,055 :INFO : test_validate_data :Get the name of content and validate whether it is equal to 'Dashboard'
2021-09-10 01:28:37,056 :INFO : test_validate_data :Dashboard tab is selected as expected
2021-09-10 01:28:37,056 :INFO : test_validate_data :Select 'Recruitment' tab
2021-09-10 01:28:38,373 :INFO : test_validate_data :Select 'Candidates' sub tab
2021-09-10 01:28:38,819 :INFO : test_validate_data :Get all the values from table and store it in dataframe
2021-09-10 08:27:55,886 :INFO : test_validate_data :Entering login details and click submit button
2021-09-10 08:27:58,226 :INFO : test_validate_data :Get the name of content and validate whether it is equal to 'Dashboard'
2021-09-10 08:27:58,226 :INFO : test_validate_data :Dashboard tab is selected as expected
2021-09-10 08:27:58,226 :INFO : test_validate_data :Select 'Recruitment' tab
2021-09-10 08:27:59,132 :INFO : test_validate_data :Select 'Candidates' sub tab
2021-09-10 08:27:59,533 :INFO : test_validate_data :Get all the values from table and store it in dataframe
2021-09-10 08:29:44,849 :INFO : test_validate_data :Entering login details and click submit button
2021-09-10 08:29:47,056 :INFO : test_validate_data :Get the name of content and validate whether it is equal to 'Dashboard'
2021-09-10 08:29:47,057 :INFO : test_validate_data :Dashboard tab is selected as expected
2021-09-10 08:29:47,057 :INFO : test_validate_data :Select 'Recruitment' tab
2021-09-10 08:29:47,908 :INFO : test_validate_data :Select 'Candidates' sub tab
2021-09-10 08:29:48,272 :INFO : test_validate_data :Get all the values from table and store it in dataframe
2021-09-10 08:46:21,345 :INFO : test_validate_data :Entering login details and click submit button
2021-09-10 08:46:23,468 :INFO : test_validate_data :Get the name of content and validate whether it is equal to 'Dashboard'
2021-09-10 08:46:23,469 :INFO : test_validate_data :Dashboard tab is selected as expected
2021-09-10 08:46:23,469 :INFO : test_validate_data :Select 'Recruitment' tab
2021-09-10 08:46:24,323 :INFO : test_validate_data :Select 'Candidates' sub tab
2021-09-10 08:46:24,722 :INFO : test_validate_data :Get all the values from table and store it in dataframe
2021-09-10 08:49:23,583 :INFO : test_validate_data :Entering login details and click submit button
2021-09-10 08:49:27,193 :INFO : test_validate_data :Get the name of content and validate whether it is equal to 'Dashboard'
2021-09-10 08:49:27,193 :INFO : test_validate_data :Dashboard tab is selected as expected
2021-09-10 08:49:27,193 :INFO : test_validate_data :Select 'Recruitment' tab
2021-09-10 08:49:28,963 :INFO : test_validate_data :Select 'Candidates' sub tab
2021-09-10 08:49:29,699 :INFO : test_validate_data :Get all the values from table and store it in dataframe
2021-09-10 08:51:09,814 :INFO : test_validate_data :Entering login details and click submit button
2021-09-10 08:51:13,861 :INFO : test_validate_data :Get the name of content and validate whether it is equal to 'Dashboard'
2021-09-10 08:51:13,861 :INFO : test_validate_data :Dashboard tab is selected as expected
2021-09-10 08:51:13,861 :INFO : test_validate_data :Select 'Recruitment' tab
2021-09-10 08:51:15,040 :INFO : test_validate_data :Select 'Candidates' sub tab
2021-09-10 08:51:16,065 :INFO : test_validate_data :Get all the values from table and store it in dataframe
2021-09-10 08:54:31,324 :INFO : test_validate_data :Entering login details and click submit button
2021-09-10 08:54:33,580 :INFO : test_validate_data :Get the name of content and validate whether it is equal to 'Dashboard'
2021-09-10 08:54:33,580 :INFO : test_validate_data :Dashboard tab is selected as expected
2021-09-10 08:54:33,580 :INFO : test_validate_data :Select 'Recruitment' tab
2021-09-10 08:54:34,416 :INFO : test_validate_data :Select 'Candidates' sub tab
2021-09-10 08:54:34,799 :INFO : test_validate_data :Get all the values from table and store it in dataframe
2021-09-10 09:11:53,933 :INFO : test_validate_data :Entering login details and click submit button
2021-09-10 09:11:56,483 :INFO : test_validate_data :Get the name of content and validate whether it is equal to 'Dashboard'
2021-09-10 09:11:56,483 :INFO : test_validate_data :Dashboard tab is selected as expected
2021-09-10 09:11:56,483 :INFO : test_validate_data :Select 'Recruitment' tab
2021-09-10 09:11:57,448 :INFO : test_validate_data :Select 'Candidates' sub tab
2021-09-10 09:11:57,893 :INFO : test_validate_data :Get all the values from table and store it in dataframe
2021-09-10 09:19:50,600 :INFO : test_validate_data :Entering login details and click submit button
2021-09-10 09:19:53,019 :INFO : test_validate_data :Get the name of content and validate whether it is equal to 'Dashboard'
2021-09-10 09:19:53,019 :INFO : test_validate_data :Dashboard tab is selected as expected
2021-09-10 09:19:53,019 :INFO : test_validate_data :Select 'Recruitment' tab
2021-09-10 09:19:53,994 :INFO : test_validate_data :Select 'Candidates' sub tab
2021-09-10 09:19:54,423 :INFO : test_validate_data :Get all the values from data table and store it in dataframe
